<?xml version="1.0" encoding="UTF-8"?>
<testsuite name="is.serenity.demo.runners.LoginUserRunner" tests="0" skipped="0" failures="0" errors="0" timestamp="1970-01-01T00:00:00" hostname="SQABOG-TGP3997" time="0.0">
  <properties/>
  <system-out><![CDATA[
1 Scenarios (?[32m1 passed?[0m)
5 Steps (?[32m5 passed?[0m)
0m14.580s

]]></system-out>
  <system-err><![CDATA[[Test worker] INFO net.thucydides.core.steps.ConsoleLoggingListener - Test Suite Started: Inicio de sesion de usuario
[Test worker] INFO net.thucydides.core.steps.ConsoleLoggingListener - Test Suite Started: Inicio de sesion de usuario
[Test worker] INFO net.thucydides.core.steps.ConsoleLoggingListener - 
 _____ _____ ____ _____   ____ _____  _    ____ _____ _____ ____  
|_   _| ____/ ___|_   _| / ___|_   _|/ \  |  _ \_   _| ____|  _ \ 
  | | |  _| \___ \ | |   \___ \ | | / _ \ | |_) || | |  _| | | | |
  | | | |___ ___) || |    ___) || |/ ___ \|  _ < | | | |___| |_| |
  |_| |_____|____/ |_|   |____/ |_/_/   \_\_| \_\|_| |_____|____/ 
                                                                  

TEST STARTED: Iniciar sesion satisfactoriamente
-------------------------------------------------------------------(inicio-de-sesion-de-usuario;iniciar-sesion-satisfactoriamente)
]]></system-err>
</testsuite>
